2024-09-06 03:17:19,919:ERROR:File lora.json not found.
2024-09-06 03:17:53,788:INFO:LoRA weights selected: D:/Models/Bakuen_megumin_v3.safetensors
2024-09-06 03:17:53,788:INFO:Loading LoRA weights from D:/Models/Bakuen_megumin_v3.safetensors...
2024-09-06 03:17:53,788:INFO:Loading base model: runwayml/stable-diffusion-v1-5
2024-09-06 03:17:54,127:ERROR:Error loading model with LoRA: Cannot load model runwayml/stable-diffusion-v1-5: model is not cached locally and an error occurred while trying to fetch metadata from the Hub. Please check out the root cause in the stacktrace above.
2024-09-06 03:17:54,128:INFO:Model initialized with prompt: megumin and negative prompt: 
2024-09-06 03:17:54,128:INFO:Running Euler method with learning rate: 0.001 for 10 epochs
2024-09-06 03:17:54,128:INFO:Epoch 1/10: Current value = 0.001
2024-09-06 03:17:54,129:INFO:Epoch 2/10: Current value = 0.002
2024-09-06 03:17:54,129:INFO:Epoch 3/10: Current value = 0.003
2024-09-06 03:17:54,129:INFO:Epoch 4/10: Current value = 0.004
2024-09-06 03:17:54,129:INFO:Epoch 5/10: Current value = 0.005
2024-09-06 03:17:54,129:INFO:Epoch 6/10: Current value = 0.006
2024-09-06 03:17:54,129:INFO:Epoch 7/10: Current value = 0.007
2024-09-06 03:17:54,129:INFO:Epoch 8/10: Current value = 0.008
2024-09-06 03:17:54,129:INFO:Epoch 9/10: Current value = 0.009000000000000001
2024-09-06 03:17:54,130:INFO:Epoch 10/10: Current value = 0.010000000000000002
2024-09-06 03:17:54,130:INFO:Euler method completed. Final value: 0.010000000000000002
2024-09-06 03:17:54,130:INFO:Generating image with prompt: A city at night
2024-09-06 03:17:54,130:ERROR:Pipeline not initialized. Cannot generate image.
